<?xml version="1.0" encoding="UTF-8"?>
<testng-results skipped="0" failed="0" ignored="3" total="4" passed="1">
  <reporter-output>
  </reporter-output>
  <suite name="tests.upgradeInterviewTest" duration-ms="40009" started-at="2020-02-12T16:53:21Z" finished-at="2020-02-12T16:54:01Z">
    <groups>
    </groups>
    <test name="Command line test" duration-ms="40009" started-at="2020-02-12T16:53:21Z" finished-at="2020-02-12T16:54:01Z">
      <class name="tests.upgradeInterviewTest">
        <test-method status="PASS" signature="setUp()[pri:0, instance:tests.upgradeInterviewTest@61a485d2]" name="setUp" is-config="true" duration-ms="858" started-at="2020-02-12T16:53:21Z" finished-at="2020-02-12T16:53:22Z">
          <reporter-output>
          </reporter-output>
        </test-method> <!-- setUp -->
        <test-method status="PASS" signature="testUserFlow()[pri:1, instance:tests.upgradeInterviewTest@61a485d2]" name="testUserFlow" duration-ms="39001" started-at="2020-02-12T16:53:22Z" finished-at="2020-02-12T16:54:01Z">
          <reporter-output>
          </reporter-output>
        </test-method> <!-- testUserFlow -->
        <test-method status="PASS" signature="tearDown()[pri:0, instance:tests.upgradeInterviewTest@61a485d2]" name="tearDown" is-config="true" duration-ms="135" started-at="2020-02-12T16:54:01Z" finished-at="2020-02-12T16:54:01Z">
          <reporter-output>
          </reporter-output>
        </test-method> <!-- tearDown -->
      </class> <!-- tests.upgradeInterviewTest -->
    </test> <!-- Command line test -->
  </suite> <!-- tests.upgradeInterviewTest -->
</testng-results>
