<?xml version="1.0" encoding="UTF-8"?>
<!-- Generated by org.testng.reporters.JUnitXMLReporter -->
<testsuite hostname="amilanesi" ignored="3" name="Command line test" tests="1" failures="0" timestamp="12 Feb 2020 16:54:01 GMT" time="40.009" errors="0">
  <testcase name="testUserFlow" time="39.001" classname="tests.upgradeInterviewTest"/>
  <testcase name="testAPITwo" time="0.0" classname="tests.upgradeInterviewTest">
    <ignored/>
  </testcase> <!-- testAPITwo -->
  <testcase name="testAPIOne" time="0.0" classname="tests.upgradeInterviewTest">
    <ignored/>
  </testcase> <!-- testAPIOne -->
  <testcase name="testAPIThree" time="0.0" classname="tests.upgradeInterviewTest">
    <ignored/>
  </testcase> <!-- testAPIThree -->
</testsuite> <!-- Command line test -->
