<?xml version="1.0" encoding="UTF-8"?>
<!-- Generated by org.testng.reporters.JUnitXMLReporter -->
<testsuite hostname="amilanesi" ignored="0" name="Command line test" tests="4" failures="0" timestamp="12 Feb 2020 16:40:27 GMT" time="178.828" errors="0">
  <testcase name="testUserFlow" time="167.06" classname="tests.upgradeInterviewTest"/>
  <testcase name="testAPIOne" time="4.491" classname="tests.upgradeInterviewTest"/>
  <testcase name="testAPITwo" time="2.379" classname="tests.upgradeInterviewTest"/>
  <testcase name="testAPIThree" time="1.701" classname="tests.upgradeInterviewTest"/>
</testsuite> <!-- Command line test -->
